app/build/intermediates/manifest_merge_blame_file/debug/manifest-merger-blame-debug-report.txt
1<?xml version="1.0" encoding="utf-8"?>
2<manifest xmlns:android="http://schemas.android.com/apk/res/android"
3    package="com.anugrahdev.pltestingproject"
4    android:versionCode="1"
5    android:versionName="1.0" >
6
7    <uses-sdk
8        android:minSdkVersion="24"
8-->src/main/AndroidManifest.xml
9        android:targetSdkVersion="30" />
9-->src/main/AndroidManifest.xml
10
11    <queries>
11-->[com.github.chuckerteam.chucker:library:3.5.2] AndroidManifest.xml:7:5-13:15
12        <intent>
12-->[com.github.chuckerteam.chucker:library:3.5.2] AndroidManifest.xml:8:9-12:18
13            <action android:name="android.intent.action.CREATE_DOCUMENT" />
13-->[com.github.chuckerteam.chucker:library:3.5.2] AndroidManifest.xml:9:13-76
13-->[com.github.chuckerteam.chucker:library:3.5.2] AndroidManifest.xml:9:21-73
14
15            <data android:mimeType="*/*" />
15-->[com.github.chuckerteam.chucker:library:3.5.2] AndroidManifest.xml:11:13-44
15-->[com.github.chuckerteam.chucker:library:3.5.2] AndroidManifest.xml:11:19-41
16        </intent>
17    </queries>
18
19    <uses-permission android:name="android.permission.REORDER_TASKS" />
19-->[androidx.test:core:1.4.0] AndroidManifest.xml:24:5-72
19-->[androidx.test:core:1.4.0] AndroidManifest.xml:24:22-69
20
21    <application
21-->src/main/AndroidManifest.xml:5:5-21:19
22        android:allowBackup="true"
22-->src/main/AndroidManifest.xml:6:9-35
23        android:appComponentFactory="androidx.core.app.CoreComponentFactory"
23-->[androidx.core:core:1.6.0] AndroidManifest.xml:24:18-86
24        android:debuggable="true"
25        android:extractNativeLibs="false"
26        android:icon="@mipmap/ic_launcher"
26-->src/main/AndroidManifest.xml:7:9-43
27        android:label="@string/app_name"
27-->src/main/AndroidManifest.xml:8:9-41
28        android:roundIcon="@mipmap/ic_launcher_round"
28-->src/main/AndroidManifest.xml:9:9-54
29        android:supportsRtl="true"
29-->src/main/AndroidManifest.xml:10:9-35
30        android:theme="@style/Theme.PLTestingProject" >
30-->src/main/AndroidManifest.xml:11:9-54
31        <activity
31-->src/main/AndroidManifest.xml:12:9-20:20
32            android:name="com.anugrahdev.pltestingproject.MainActivity"
32-->src/main/AndroidManifest.xml:13:13-41
33            android:exported="true" >
33-->src/main/AndroidManifest.xml:14:13-36
34            <intent-filter>
34-->src/main/AndroidManifest.xml:15:13-19:29
35                <action android:name="android.intent.action.MAIN" />
35-->src/main/AndroidManifest.xml:16:17-69
35-->src/main/AndroidManifest.xml:16:25-66
36
37                <category android:name="android.intent.category.LAUNCHER" />
37-->src/main/AndroidManifest.xml:18:17-77
37-->src/main/AndroidManifest.xml:18:27-74
38            </intent-filter>
39        </activity>
40        <activity
40-->[com.github.chuckerteam.chucker:library:3.5.2] AndroidManifest.xml:16:9-21:52
41            android:name="com.chuckerteam.chucker.internal.ui.MainActivity"
41-->[com.github.chuckerteam.chucker:library:3.5.2] AndroidManifest.xml:17:13-76
42            android:label="@string/chucker_name"
42-->[com.github.chuckerteam.chucker:library:3.5.2] AndroidManifest.xml:18:13-49
43            android:launchMode="singleTask"
43-->[com.github.chuckerteam.chucker:library:3.5.2] AndroidManifest.xml:19:13-44
44            android:taskAffinity="com.chuckerteam.chucker.task"
44-->[com.github.chuckerteam.chucker:library:3.5.2] AndroidManifest.xml:20:13-64
45            android:theme="@style/Chucker.Theme" />
45-->[com.github.chuckerteam.chucker:library:3.5.2] AndroidManifest.xml:21:13-49
46        <activity
46-->[com.github.chuckerteam.chucker:library:3.5.2] AndroidManifest.xml:22:9-25:52
47            android:name="com.chuckerteam.chucker.internal.ui.transaction.TransactionActivity"
47-->[com.github.chuckerteam.chucker:library:3.5.2] AndroidManifest.xml:23:13-95
48            android:parentActivityName="com.chuckerteam.chucker.internal.ui.MainActivity"
48-->[com.github.chuckerteam.chucker:library:3.5.2] AndroidManifest.xml:24:13-90
49            android:theme="@style/Chucker.Theme" />
49-->[com.github.chuckerteam.chucker:library:3.5.2] AndroidManifest.xml:25:13-49
50        <activity
50-->[com.github.chuckerteam.chucker:library:3.5.2] AndroidManifest.xml:26:9-29:52
51            android:name="com.chuckerteam.chucker.internal.ui.throwable.ThrowableActivity"
51-->[com.github.chuckerteam.chucker:library:3.5.2] AndroidManifest.xml:27:13-91
52            android:parentActivityName="com.chuckerteam.chucker.internal.ui.MainActivity"
52-->[com.github.chuckerteam.chucker:library:3.5.2] AndroidManifest.xml:28:13-90
53            android:theme="@style/Chucker.Theme" />
53-->[com.github.chuckerteam.chucker:library:3.5.2] AndroidManifest.xml:29:13-49
54
55        <service
55-->[com.github.chuckerteam.chucker:library:3.5.2] AndroidManifest.xml:31:9-33:40
56            android:name="com.chuckerteam.chucker.internal.support.ClearDatabaseService"
56-->[com.github.chuckerteam.chucker:library:3.5.2] AndroidManifest.xml:32:13-89
57            android:exported="false" />
57-->[com.github.chuckerteam.chucker:library:3.5.2] AndroidManifest.xml:33:13-37
58
59        <provider
59-->[com.github.chuckerteam.chucker:library:3.5.2] AndroidManifest.xml:35:9-43:20
60            android:name="com.chuckerteam.chucker.internal.support.ChuckerFileProvider"
60-->[com.github.chuckerteam.chucker:library:3.5.2] AndroidManifest.xml:36:13-88
61            android:authorities="com.anugrahdev.pltestingproject.com.chuckerteam.chucker.provider"
61-->[com.github.chuckerteam.chucker:library:3.5.2] AndroidManifest.xml:37:13-84
62            android:exported="false"
62-->[com.github.chuckerteam.chucker:library:3.5.2] AndroidManifest.xml:38:13-37
63            android:grantUriPermissions="true" >
63-->[com.github.chuckerteam.chucker:library:3.5.2] AndroidManifest.xml:39:13-47
64            <meta-data
64-->[com.github.chuckerteam.chucker:library:3.5.2] AndroidManifest.xml:40:13-42:66
65                android:name="android.support.FILE_PROVIDER_PATHS"
65-->[com.github.chuckerteam.chucker:library:3.5.2] AndroidManifest.xml:41:17-67
66                android:resource="@xml/chucker_provider_paths" />
66-->[com.github.chuckerteam.chucker:library:3.5.2] AndroidManifest.xml:42:17-63
67        </provider>
68
69        <activity
69-->[androidx.test:core:1.4.0] AndroidManifest.xml:27:9-34:20
70            android:name="androidx.test.core.app.InstrumentationActivityInvoker$BootstrapActivity"
70-->[androidx.test:core:1.4.0] AndroidManifest.xml:28:13-99
71            android:exported="true"
71-->[androidx.test:core:1.4.0] AndroidManifest.xml:29:13-36
72            android:theme="@android:style/Theme" >
72-->[androidx.test:core:1.4.0] AndroidManifest.xml:30:13-49
73            <intent-filter>
73-->[androidx.test:core:1.4.0] AndroidManifest.xml:31:13-33:29
74                <action android:name="android.intent.action.MAIN" />
74-->src/main/AndroidManifest.xml:16:17-69
74-->src/main/AndroidManifest.xml:16:25-66
75            </intent-filter>
76        </activity>
77        <activity
77-->[androidx.test:core:1.4.0] AndroidManifest.xml:35:9-42:20
78            android:name="androidx.test.core.app.InstrumentationActivityInvoker$EmptyActivity"
78-->[androidx.test:core:1.4.0] AndroidManifest.xml:36:13-95
79            android:exported="true"
79-->[androidx.test:core:1.4.0] AndroidManifest.xml:37:13-36
80            android:theme="@android:style/Theme" >
80-->[androidx.test:core:1.4.0] AndroidManifest.xml:38:13-49
81            <intent-filter>
81-->[androidx.test:core:1.4.0] AndroidManifest.xml:31:13-33:29
82                <action android:name="android.intent.action.MAIN" />
82-->src/main/AndroidManifest.xml:16:17-69
82-->src/main/AndroidManifest.xml:16:25-66
83            </intent-filter>
84        </activity>
85        <activity
85-->[androidx.test:core:1.4.0] AndroidManifest.xml:43:9-50:20
86            android:name="androidx.test.core.app.InstrumentationActivityInvoker$EmptyFloatingActivity"
86-->[androidx.test:core:1.4.0] AndroidManifest.xml:44:13-103
87            android:exported="true"
87-->[androidx.test:core:1.4.0] AndroidManifest.xml:45:13-36
88            android:theme="@android:style/Theme.Dialog" >
88-->[androidx.test:core:1.4.0] AndroidManifest.xml:46:13-56
89            <intent-filter>
89-->[androidx.test:core:1.4.0] AndroidManifest.xml:31:13-33:29
90                <action android:name="android.intent.action.MAIN" />
90-->src/main/AndroidManifest.xml:16:17-69
90-->src/main/AndroidManifest.xml:16:25-66
91            </intent-filter>
92        </activity>
93
94        <service
94-->[androidx.room:room-runtime:2.3.0] AndroidManifest.xml:25:9-28:40
95            android:name="androidx.room.MultiInstanceInvalidationService"
95-->[androidx.room:room-runtime:2.3.0] AndroidManifest.xml:26:13-74
96            android:directBootAware="true"
96-->[androidx.room:room-runtime:2.3.0] AndroidManifest.xml:27:13-43
97            android:exported="false" />
97-->[androidx.room:room-runtime:2.3.0] AndroidManifest.xml:28:13-37
98
99        <provider
99-->[androidx.lifecycle:lifecycle-process:2.2.0] AndroidManifest.xml:25:9-29:43
100            android:name="androidx.lifecycle.ProcessLifecycleOwnerInitializer"
100-->[androidx.lifecycle:lifecycle-process:2.2.0] AndroidManifest.xml:26:13-79
101            android:authorities="com.anugrahdev.pltestingproject.lifecycle-process"
101-->[androidx.lifecycle:lifecycle-process:2.2.0] AndroidManifest.xml:27:13-69
102            android:exported="false"
102-->[androidx.lifecycle:lifecycle-process:2.2.0] AndroidManifest.xml:28:13-37
103            android:multiprocess="true" />
103-->[androidx.lifecycle:lifecycle-process:2.2.0] AndroidManifest.xml:29:13-40
104    </application>
105
106</manifest>